<?xml version="1.0" encoding="UTF-8"?>
<!-- Generated by org.testng.reporters.JUnitXMLReporter -->
<testsuite ignored="2" hostname="DESKTOP-6L0B64R" failures="0" tests="2" name="Default test" time="50.163" errors="0" timestamp="2024-04-24T15:02:28 IST">
  <testcase classname="TestngusingBaseclass.createContactwithBaseClassTest" name="createContactWithBaseclass" time="18.508"/>
  <testcase classname="TestngusingBaseclass.createOrgWithBaseClassTest" name="createOrgWithBaseclass" time="8.531"/>
  <testcase classname="genericutility.Baseclass" name="@BeforeSuite bsconfig" time="0.0">
    <ignored/>
  </testcase> <!-- @BeforeSuite bsconfig -->
  <testcase classname="genericutility.Baseclass" name="@AfterSuite asconfig" time="0.0">
    <ignored/>
  </testcase> <!-- @AfterSuite asconfig -->
</testsuite> <!-- Default test -->
