<?xml version="1.0" encoding="UTF-8"?>
<!-- Generated by org.testng.reporters.JUnitXMLReporter -->
<testsuite ignored="3" hostname="DESKTOP-6L0B64R" failures="0" tests="1" name="Test" time="30.557" errors="0" timestamp="2024-04-24T17:45:23 IST">
  <testcase classname="TestngusingBaseclass.createContactwithBaseClassTest" name="createContactWithBaseclass" time="18.214"/>
  <testcase classname="genericutility.Baseclass" name="@BeforeSuite bsconfig" time="0.0">
    <ignored/>
  </testcase> <!-- @BeforeSuite bsconfig -->
  <testcase classname="TestngusingBaseclass.createOrgWithBaseClassTest" name="createOrgWithBaseclass" time="0.0">
    <ignored/>
  </testcase> <!-- createOrgWithBaseclass -->
  <testcase classname="genericutility.Baseclass" name="@AfterSuite asconfig" time="0.0">
    <ignored/>
  </testcase> <!-- @AfterSuite asconfig -->
</testsuite> <!-- Test -->
